Session ID: Z06s89XXtXPgKPzXIgiww1kJD1lDxLKE
Session Data: {
  "cookie": {
    "originalMaxAge": null,
    "expires": null,
    "secure": false,
    "httpOnly": true,
    "path": "/"
  }
}

Session ID: MYMmqgBSnivjwNBJTJSu57zppLKw7f95
Session Data: {
  "cookie": {
    "originalMaxAge": null,
    "expires": null,
    "secure": false,
    "httpOnly": true,
    "path": "/"
  }
}

Session ID: VYpN0SzzfbSGgiYNk-BeqbUqm15wk-m0
Session Data: {
  "cookie": {
    "originalMaxAge": null,
    "expires": null,
    "secure": false,
    "httpOnly": true,
    "path": "/"
  }
}

Session ID: h2r4-KL5MX2qcXn3oSw9l60UBhV2K5nS
Session Data: {
  "cookie": {
    "originalMaxAge": null,
    "expires": null,
    "secure": false,
    "httpOnly": true,
    "path": "/"
  }
}

Session ID: g5oJNtkNM6_p-bZaPhVJ2CPaDPAXXxjH
Session Data: {
  "cookie": {
    "originalMaxAge": null,
    "expires": null,
    "secure": false,
    "httpOnly": true,
    "path": "/"
  }
}

Session ID: ZNFz7RJ7bUJH5fq9qkCV7upL6PRq2lm3
Session Data: {
  "cookie": {
    "originalMaxAge": null,
    "expires": null,
    "secure": false,
    "httpOnly": true,
    "path": "/"
  }
}

Session ID: ywMhZZSNm_1mXSgL_2HgnP42z-fh5mo6
Session Data: {
  "cookie": {
    "originalMaxAge": null,
    "expires": null,
    "secure": false,
    "httpOnly": true,
    "path": "/"
  }
}

Session ID: rImGWT7rlU-AAC5W7fLnAW0uxtHKgZLT
Session Data: {
  "cookie": {
    "originalMaxAge": null,
    "expires": null,
    "secure": false,
    "httpOnly": true,
    "path": "/"
  }
}

Session ID: nW_o_cmrz1j706okR8Wft5L-M2vdX-yf
Session Data: {
  "cookie": {
    "originalMaxAge": null,
    "expires": null,
    "secure": false,
    "httpOnly": true,
    "path": "/"
  }
}

Session ID: _wcL7GarR7ZzlOujxz7S6g8QK8BBMD9G
Session Data: {
  "cookie": {
    "originalMaxAge": null,
    "expires": null,
    "secure": false,
    "httpOnly": true,
    "path": "/"
  }
}

Session ID: r-Iu7kOO2rmi1H_iJfJfrwHUsztqAGVC
Session Data: {
  "cookie": {
    "originalMaxAge": null,
    "expires": null,
    "secure": false,
    "httpOnly": true,
    "path": "/"
  }
}

Session ID: 1Ww57tI-9aahhbuQOdjThEG6sQv17Cdm
Session Data: {
  "cookie": {
    "originalMaxAge": null,
    "expires": null,
    "secure": false,
    "httpOnly": true,
    "path": "/"
  }
}

Session ID: bDH8dHJEjwzW6J3YsS0T9QyP7b5JLxM_
Session Data: {
  "cookie": {
    "originalMaxAge": null,
    "expires": null,
    "secure": false,
    "httpOnly": true,
    "path": "/"
  }
}

Session ID: Jz4g3nt_U388CZ4hmVGemQvFuPvdskga
Session Data: {
  "cookie": {
    "originalMaxAge": null,
    "expires": null,
    "secure": false,
    "httpOnly": true,
    "path": "/"
  }
}

Session ID: ZgcLrV0cr0RDjkYBZmQguU5Ftjw2hmLi
Session Data: {
  "cookie": {
    "originalMaxAge": null,
    "expires": null,
    "secure": false,
    "httpOnly": true,
    "path": "/"
  }
}

Session ID: OOiMqfHhbNYG2IAXPKeZO6ALTMTqKObX
Session Data: {
  "cookie": {
    "originalMaxAge": null,
    "expires": null,
    "secure": false,
    "httpOnly": true,
    "path": "/"
  }
}

Session ID: GbIzr9_DvgeJpncakoEKVM80G-KxuT7x
Session Data: {
  "cookie": {
    "originalMaxAge": null,
    "expires": null,
    "secure": false,
    "httpOnly": true,
    "path": "/"
  }
}

Session ID: BNYE36kKWIYFAHASydZh-RhGxfXUWmfi
Session Data: {
  "cookie": {
    "originalMaxAge": null,
    "expires": null,
    "secure": false,
    "httpOnly": true,
    "path": "/"
  }
}

Session ID: uH_9Hd1Z3yIHEFWJHdWOqnXhijTFyL8L
Session Data: {
  "cookie": {
    "originalMaxAge": null,
    "expires": null,
    "secure": false,
    "httpOnly": true,
    "path": "/"
  }
}

Session ID: Bax64JvsbFJBuJIGF3-39od9WIvuzIlw
Session Data: {
  "cookie": {
    "originalMaxAge": null,
    "expires": null,
    "secure": false,
    "httpOnly": true,
    "path": "/"
  }
}

Session ID: AOn6YNFabEkPzoyWjGwio7naLnOpdIgz
Session Data: {
  "cookie": {
    "originalMaxAge": null,
    "expires": null,
    "secure": false,
    "httpOnly": true,
    "path": "/"
  }
}

Session ID: R_ZSIDIt1WWqe-54Gt5ORfplQUXmB_av
Session Data: {
  "cookie": {
    "originalMaxAge": null,
    "expires": null,
    "secure": false,
    "httpOnly": true,
    "path": "/"
  }
}

Session ID: 2jiLBFoeiesJBiSZHCSZUsiXuJj2zJsR
Session Data: {
  "cookie": {
    "originalMaxAge": null,
    "expires": null,
    "secure": false,
    "httpOnly": true,
    "path": "/"
  }
}

Session ID: TfNpm3D5QV6suB8m9uzXkTuVoBSvHGtV
Session Data: {
  "cookie": {
    "originalMaxAge": null,
    "expires": null,
    "secure": false,
    "httpOnly": true,
    "path": "/"
  }
}

Session ID: qh15oJNFueExIvjrxt4IgGlKjcuGGdea
Session Data: {
  "cookie": {
    "originalMaxAge": null,
    "expires": null,
    "secure": false,
    "httpOnly": true,
    "path": "/"
  }
}

Session ID: -z20xhvNpZ5zkoE1PAYfcIpYKBNxklxu
Session Data: {
  "cookie": {
    "originalMaxAge": null,
    "expires": null,
    "secure": false,
    "httpOnly": true,
    "path": "/"
  }
}

Session ID: -z20xhvNpZ5zkoE1PAYfcIpYKBNxklxu
Session Data: {
  "cookie": {
    "originalMaxAge": null,
    "expires": null,
    "secure": false,
    "httpOnly": true,
    "path": "/"
  }
}

Session ID: -z20xhvNpZ5zkoE1PAYfcIpYKBNxklxu
Session Data: {
  "cookie": {
    "originalMaxAge": null,
    "expires": null,
    "secure": false,
    "httpOnly": true,
    "path": "/"
  }
}

Session ID: -z20xhvNpZ5zkoE1PAYfcIpYKBNxklxu
Session Data: {
  "cookie": {
    "originalMaxAge": null,
    "expires": null,
    "secure": false,
    "httpOnly": true,
    "path": "/"
  }
}

Session ID: -z20xhvNpZ5zkoE1PAYfcIpYKBNxklxu
Session Data: {
  "cookie": {
    "originalMaxAge": null,
    "expires": null,
    "secure": false,
    "httpOnly": true,
    "path": "/"
  }
}

Session ID: -z20xhvNpZ5zkoE1PAYfcIpYKBNxklxu
Session Data: {
  "cookie": {
    "originalMaxAge": null,
    "expires": null,
    "secure": false,
    "httpOnly": true,
    "path": "/"
  }
}

Session ID: -z20xhvNpZ5zkoE1PAYfcIpYKBNxklxu
Session Data: {
  "cookie": {
    "originalMaxAge": null,
    "expires": null,
    "secure": false,
    "httpOnly": true,
    "path": "/"
  }
}

Session ID: -z20xhvNpZ5zkoE1PAYfcIpYKBNxklxu
Session Data: {
  "cookie": {
    "originalMaxAge": null,
    "expires": null,
    "secure": false,
    "httpOnly": true,
    "path": "/"
  }
}

Session ID: -z20xhvNpZ5zkoE1PAYfcIpYKBNxklxu
Session Data: {
  "cookie": {
    "originalMaxAge": null,
    "expires": null,
    "secure": false,
    "httpOnly": true,
    "path": "/"
  }
}

Session ID: -z20xhvNpZ5zkoE1PAYfcIpYKBNxklxu
Session Data: {
  "cookie": {
    "originalMaxAge": null,
    "expires": null,
    "secure": false,
    "httpOnly": true,
    "path": "/"
  }
}

Session ID: -z20xhvNpZ5zkoE1PAYfcIpYKBNxklxu
Session Data: {
  "cookie": {
    "originalMaxAge": null,
    "expires": null,
    "secure": false,
    "httpOnly": true,
    "path": "/"
  }
}

Session ID: -z20xhvNpZ5zkoE1PAYfcIpYKBNxklxu
Session Data: {
  "cookie": {
    "originalMaxAge": null,
    "expires": null,
    "secure": false,
    "httpOnly": true,
    "path": "/"
  }
}

Session ID: -z20xhvNpZ5zkoE1PAYfcIpYKBNxklxu
Session Data: {
  "cookie": {
    "originalMaxAge": null,
    "expires": null,
    "secure": false,
    "httpOnly": true,
    "path": "/"
  }
}

Session ID: -z20xhvNpZ5zkoE1PAYfcIpYKBNxklxu
Session Data: {
  "cookie": {
    "originalMaxAge": null,
    "expires": null,
    "secure": false,
    "httpOnly": true,
    "path": "/"
  }
}

Session ID: LXKBZXyYl-KzouKcX_5A5DSuIQtj6SeQ
Session Data: {
  "cookie": {
    "originalMaxAge": null,
    "expires": null,
    "secure": false,
    "httpOnly": true,
    "path": "/"
  }
}

Session ID: _tyv4Msvqw3IMQ2GrzKxQWvlDNb_ebL4
Session Data: {
  "cookie": {
    "originalMaxAge": null,
    "expires": null,
    "secure": false,
    "httpOnly": true,
    "path": "/"
  }
}

Session ID: 9e9_QZGBU5Gz9QPstTmAy9In1f6AqhMr
Session Data: {
  "cookie": {
    "originalMaxAge": null,
    "expires": null,
    "secure": false,
    "httpOnly": true,
    "path": "/"
  }
}

Session ID: tjmdju0x4-ta7K4Q24Uukrfr6ny9Zxae
Session Data: {
  "cookie": {
    "originalMaxAge": null,
    "expires": null,
    "secure": false,
    "httpOnly": true,
    "path": "/"
  }
}

Session ID: j7u8Au1_g_vB4MtnZtMJ1ukenwQ7lIZI
Session Data: {
  "cookie": {
    "originalMaxAge": null,
    "expires": null,
    "secure": false,
    "httpOnly": true,
    "path": "/"
  }
}

Session ID: 3ruaPHWGzpIZRO5dwMc1cFe6kR0L3Dur
Session Data: {
  "cookie": {
    "originalMaxAge": null,
    "expires": null,
    "secure": false,
    "httpOnly": true,
    "path": "/"
  }
}

Session ID: 7TYkZTk52P24IUSHAK7zw00OiDKFmNPM
Session Data: {
  "cookie": {
    "originalMaxAge": null,
    "expires": null,
    "secure": false,
    "httpOnly": true,
    "path": "/"
  }
}

Session ID: L5nHjouBL53CQD7RLmFi8HdMIHVaB04t
Session Data: {
  "cookie": {
    "originalMaxAge": null,
    "expires": null,
    "secure": false,
    "httpOnly": true,
    "path": "/"
  }
}

Session ID: 8qsSoBmRGRsMHCkLfPMhXWMy5mcgo5eR
Session Data: {
  "cookie": {
    "originalMaxAge": null,
    "expires": null,
    "secure": false,
    "httpOnly": true,
    "path": "/"
  }
}

Session ID: wFlFF-A8MTKM4kKIG3neDOKOUGftORia
Session Data: {
  "cookie": {
    "originalMaxAge": null,
    "expires": null,
    "secure": false,
    "httpOnly": true,
    "path": "/"
  }
}

Session ID: _48vb692RtNIyXm2MSdR9vQ2F2zowmuf
Session Data: {
  "cookie": {
    "originalMaxAge": null,
    "expires": null,
    "secure": false,
    "httpOnly": true,
    "path": "/"
  }
}

Session ID: stUmjX7f-OwpeT-UFUr8AMNE8iqGgF6e
Session Data: {
  "cookie": {
    "originalMaxAge": null,
    "expires": null,
    "secure": false,
    "httpOnly": true,
    "path": "/"
  }
}

Session ID: _JuOExWPxmOKrwQbWW-yfn7gV5yTqfDw
Session Data: {
  "cookie": {
    "originalMaxAge": null,
    "expires": null,
    "secure": false,
    "httpOnly": true,
    "path": "/"
  }
}

Session ID: 4zit2y4iZ0hqMWOJI43Na6yC7xBGBHJf
Session Data: {
  "cookie": {
    "originalMaxAge": null,
    "expires": null,
    "secure": false,
    "httpOnly": true,
    "path": "/"
  }
}

Session ID: EOwuJoEbjHH-PParbjd--Of51z76d3M1
Session Data: {
  "cookie": {
    "originalMaxAge": null,
    "expires": null,
    "secure": false,
    "httpOnly": true,
    "path": "/"
  }
}

Session ID: oAINRfF_BT2N_BttByfo7HTSdqJ7XVJT
Session Data: {
  "cookie": {
    "originalMaxAge": null,
    "expires": null,
    "secure": false,
    "httpOnly": true,
    "path": "/"
  }
}

Session ID: tZvUr_gOlqI1GhCFYGalhjM6H92YphR6
Session Data: {
  "cookie": {
    "originalMaxAge": null,
    "expires": null,
    "secure": false,
    "httpOnly": true,
    "path": "/"
  }
}

Session ID: vKJsDE_cnsws9XrAalE5ehK-9b12ChdJ
Session Data: {
  "cookie": {
    "originalMaxAge": null,
    "expires": null,
    "secure": false,
    "httpOnly": true,
    "path": "/"
  }
}

Session ID: Fz4W2XE1aYNMO40n27Cy-2dRX0MWJ5S5
Session Data: {
  "cookie": {
    "originalMaxAge": null,
    "expires": null,
    "secure": false,
    "httpOnly": true,
    "path": "/"
  }
}

Session ID: VE2JO7DwSpArtS_9u6N3nLLcSySE0tT2
Session Data: {
  "cookie": {
    "originalMaxAge": null,
    "expires": null,
    "secure": false,
    "httpOnly": true,
    "path": "/"
  }
}

Session ID: 0RJFpyrLQW50f2p0xRGH-KX1G63XEr6i
Session Data: {
  "cookie": {
    "originalMaxAge": null,
    "expires": null,
    "secure": false,
    "httpOnly": true,
    "path": "/"
  }
}

Session ID: osRCSoXIQ2_GJccS__jalCZ5na65_vW6
Session Data: {
  "cookie": {
    "originalMaxAge": null,
    "expires": null,
    "secure": false,
    "httpOnly": true,
    "path": "/"
  }
}

Session ID: Oqx4SDXgrT9WQj33IhSAcosAulL3Z7Gq
Session Data: {
  "cookie": {
    "originalMaxAge": null,
    "expires": null,
    "secure": false,
    "httpOnly": true,
    "path": "/"
  }
}

Session ID: W9-bjz5Ly45t3FEaL9tXycrX46fRFDdm
Session Data: {
  "cookie": {
    "originalMaxAge": null,
    "expires": null,
    "secure": false,
    "httpOnly": true,
    "path": "/"
  }
}

Session ID: ICxebbS1MA1c9iIT_OXsliT2EFa1Lpjr
Session Data: {
  "cookie": {
    "originalMaxAge": null,
    "expires": null,
    "secure": false,
    "httpOnly": true,
    "path": "/"
  }
}

Session ID: vGeBIW-mCPx5wKo6rml8epa_rALGoJdn
Session Data: {
  "cookie": {
    "originalMaxAge": null,
    "expires": null,
    "secure": false,
    "httpOnly": true,
    "path": "/"
  }
}

Session ID: ncuwEsa3OMzLvam51yzAEkWztkqnIqP9
Session Data: {
  "cookie": {
    "originalMaxAge": null,
    "expires": null,
    "secure": false,
    "httpOnly": true,
    "path": "/"
  }
}

Session ID: 9Md_7IS6pY--8f59j0P72wxRfaZCBlMu
Session Data: {
  "cookie": {
    "originalMaxAge": null,
    "expires": null,
    "secure": false,
    "httpOnly": true,
    "path": "/"
  }
}

Session ID: qJJHmeU2a3qmMr5wXnmLeoEuSyzRD9fG
Session Data: {
  "cookie": {
    "originalMaxAge": null,
    "expires": null,
    "secure": false,
    "httpOnly": true,
    "path": "/"
  }
}

Session ID: bUJ0bdZpKyzHQXrANw5Z5doMFKPjSMVQ
Session Data: {
  "cookie": {
    "originalMaxAge": null,
    "expires": null,
    "secure": false,
    "httpOnly": true,
    "path": "/"
  }
}

Session ID: m3Jnc7DeqAax-wspS_lxrKxdtCUS6vIt
Session Data: {
  "cookie": {
    "originalMaxAge": null,
    "expires": null,
    "secure": false,
    "httpOnly": true,
    "path": "/"
  }
}

Session ID: rwdJfa2OTt5aMvdU8Wt4ItTsl4hQ6McV
Session Data: {
  "cookie": {
    "originalMaxAge": null,
    "expires": null,
    "secure": false,
    "httpOnly": true,
    "path": "/"
  }
}

Session ID: lD4DqIihmhaaBWkaOTW2Qv9meAL6Fgis
Session Data: {
  "cookie": {
    "originalMaxAge": null,
    "expires": null,
    "secure": false,
    "httpOnly": true,
    "path": "/"
  }
}

Session ID: _jOQ_p8Tt4ufsTtovlScP3ul4Y_Hh4eA
Session Data: {
  "cookie": {
    "originalMaxAge": null,
    "expires": null,
    "secure": false,
    "httpOnly": true,
    "path": "/"
  }
}

Session ID: -2GnfbtzKGAl4Pu6SwGdgSfWKBF-yZHZ
Session Data: {
  "cookie": {
    "originalMaxAge": null,
    "expires": null,
    "secure": false,
    "httpOnly": true,
    "path": "/"
  }
}

Session ID: KSyLXPRQ7qCxIhQYeo7cX6hUxKx995pn
Session Data: {
  "cookie": {
    "originalMaxAge": null,
    "expires": null,
    "secure": false,
    "httpOnly": true,
    "path": "/"
  }
}

Session ID: X12otoyt1mPRldIYUbv5BPLCV8fv1cbe
Session Data: {
  "cookie": {
    "originalMaxAge": null,
    "expires": null,
    "secure": false,
    "httpOnly": true,
    "path": "/"
  }
}

Session ID: CnjMRjyTYzyj5-0eu5ACXKNzfyPhkhyj
Session Data: {
  "cookie": {
    "originalMaxAge": null,
    "expires": null,
    "secure": false,
    "httpOnly": true,
    "path": "/"
  }
}

Session ID: fFq6njh6TJmE9yEWdzRjFSLRSYw_A60v
Session Data: {
  "cookie": {
    "originalMaxAge": null,
    "expires": null,
    "secure": false,
    "httpOnly": true,
    "path": "/"
  }
}

Session ID: MI3_wGuHK82DpaFoiIETSvbl1fb2V2F5
Session Data: {
  "cookie": {
    "originalMaxAge": null,
    "expires": null,
    "secure": false,
    "httpOnly": true,
    "path": "/"
  }
}

Session ID: 0IU-zLXXhr30ivCpZbgpCEVHfze2mxQZ
Session Data: {
  "cookie": {
    "originalMaxAge": null,
    "expires": null,
    "secure": false,
    "httpOnly": true,
    "path": "/"
  }
}

Session ID: rvItCQ4rqawm_cfzKOYpLgevhZZVLm0v
Session Data: {
  "cookie": {
    "originalMaxAge": null,
    "expires": null,
    "secure": false,
    "httpOnly": true,
    "path": "/"
  }
}

Session ID: Dq2YsxytAs8HL5BfG6cINPXSeS9C14rH
Session Data: {
  "cookie": {
    "originalMaxAge": null,
    "expires": null,
    "secure": false,
    "httpOnly": true,
    "path": "/"
  }
}

Session ID: TEAThfjBmfs73bu5ibmFwYj7ANVJJ_-p
Session Data: {
  "cookie": {
    "originalMaxAge": null,
    "expires": null,
    "secure": false,
    "httpOnly": true,
    "path": "/"
  }
}

Session ID: qquI8QYbLLLbype-TVNNi6-4NLrt-bOT
Session Data: {
  "cookie": {
    "originalMaxAge": null,
    "expires": null,
    "secure": false,
    "httpOnly": true,
    "path": "/"
  }
}

Session ID: DEHqmsmBJdyA5cf_xeqOo3_uyW6Bepsv
Session Data: {
  "cookie": {
    "originalMaxAge": null,
    "expires": null,
    "secure": false,
    "httpOnly": true,
    "path": "/"
  }
}

Session ID: edJ4D4IyQsBLFmINYwgo5D-A858Xegbm
Session Data: {
  "cookie": {
    "originalMaxAge": null,
    "expires": null,
    "secure": false,
    "httpOnly": true,
    "path": "/"
  }
}

Session ID: v9G6hk5xH2MJptbKXzryWPFEE4rd_duu
Session Data: {
  "cookie": {
    "originalMaxAge": null,
    "expires": null,
    "secure": false,
    "httpOnly": true,
    "path": "/"
  }
}

Session ID: -C0aMlWXVKczZuTOXNCnN0V8U5P0gBUT
Session Data: {
  "cookie": {
    "originalMaxAge": null,
    "expires": null,
    "secure": false,
    "httpOnly": true,
    "path": "/"
  }
}

Session ID: mI2iCJIVzvf-yyjkwYYB-GW93PLLCCXT
Session Data: {
  "cookie": {
    "originalMaxAge": null,
    "expires": null,
    "secure": false,
    "httpOnly": true,
    "path": "/"
  }
}

Session ID: 5CsYb5_BWGMkjXXu0qtmkbGxxkzYCXls
Session Data: {
  "cookie": {
    "originalMaxAge": null,
    "expires": null,
    "secure": false,
    "httpOnly": true,
    "path": "/"
  }
}

Session ID: tekdzp0s1No2RHH3bz3MEWJwsUsp3eU_
Session Data: {
  "cookie": {
    "originalMaxAge": null,
    "expires": null,
    "secure": false,
    "httpOnly": true,
    "path": "/"
  }
}

Session ID: Igd-Bq0HS8eI9g-QggxESP3DERA9fbeR
Session Data: {
  "cookie": {
    "originalMaxAge": null,
    "expires": null,
    "secure": false,
    "httpOnly": true,
    "path": "/"
  }
}

Session ID: SNAs7Ji9ZGeWWntzLNRTUd6GpxStRc4y
Session Data: {
  "cookie": {
    "originalMaxAge": null,
    "expires": null,
    "secure": false,
    "httpOnly": true,
    "path": "/"
  }
}

Session ID: JvbjXBQSg_fs3cf2uQ5ehxp0G-nuxliJ
Session Data: {
  "cookie": {
    "originalMaxAge": null,
    "expires": null,
    "secure": false,
    "httpOnly": true,
    "path": "/"
  }
}

Session ID: PrUrRS-GNmGU6dObywJiCmAS2A9QGV8A
Session Data: {
  "cookie": {
    "originalMaxAge": null,
    "expires": null,
    "secure": false,
    "httpOnly": true,
    "path": "/"
  }
}

Session ID: jDp_b5mVYc6hqESwMaGg_vO_hoGCm1Pt
Session Data: {
  "cookie": {
    "originalMaxAge": null,
    "expires": null,
    "secure": false,
    "httpOnly": true,
    "path": "/"
  }
}

Session ID: 3Tg2Vo9E7H4mCImrlPWaSONc3YmRDEP3
Session Data: {
  "cookie": {
    "originalMaxAge": null,
    "expires": null,
    "secure": false,
    "httpOnly": true,
    "path": "/"
  }
}

Session ID: fUkWqk6DwKBqFhIGhhUG75msxk6YtVkx
Session Data: {
  "cookie": {
    "originalMaxAge": null,
    "expires": null,
    "secure": false,
    "httpOnly": true,
    "path": "/"
  }
}

Session ID: t8p-tcS_AfnZZOMV7Se6LPNzqg9hLmR4
Session Data: {
  "cookie": {
    "originalMaxAge": null,
    "expires": null,
    "secure": false,
    "httpOnly": true,
    "path": "/"
  }
}

Session ID: BTxiDfuy9RddFNEWC0cJTBZ9Wca8JFr7
Session Data: {
  "cookie": {
    "originalMaxAge": null,
    "expires": null,
    "secure": false,
    "httpOnly": true,
    "path": "/"
  }
}

Session ID: grubEBqJcmREPOaYMTq-aup-YuXkG223
Session Data: {
  "cookie": {
    "originalMaxAge": null,
    "expires": null,
    "secure": false,
    "httpOnly": true,
    "path": "/"
  }
}

Session ID: MiJExdirQb4za5b2Bt1a9Ck5mTF01brm
Session Data: {
  "cookie": {
    "originalMaxAge": null,
    "expires": null,
    "secure": false,
    "httpOnly": true,
    "path": "/"
  }
}

Session ID: evlwQarJ-agNMN3hJxrHIjWTJsGSzxeO
Session Data: {
  "cookie": {
    "originalMaxAge": null,
    "expires": null,
    "secure": false,
    "httpOnly": true,
    "path": "/"
  }
}

Session ID: ny_V4cCgFm-CDRfN6uQZBYQ7OkxcnuIH
Session Data: {
  "cookie": {
    "originalMaxAge": null,
    "expires": null,
    "secure": false,
    "httpOnly": true,
    "path": "/"
  }
}

Session ID: -_oIAMH8gtMLOQSyNCr3mGom07ixJs9z
Session Data: {
  "cookie": {
    "originalMaxAge": null,
    "expires": null,
    "secure": false,
    "httpOnly": true,
    "path": "/"
  }
}

Session ID: P6Gb6Ww2WFN2ows6Ryxl6OESoqPS0ShM
Session Data: {
  "cookie": {
    "originalMaxAge": null,
    "expires": null,
    "secure": false,
    "httpOnly": true,
    "path": "/"
  }
}

Session ID: OgaVSEii6JOKsmRg9RBOUtk7ieMYCrI4
Session Data: {
  "cookie": {
    "originalMaxAge": null,
    "expires": null,
    "secure": false,
    "httpOnly": true,
    "path": "/"
  }
}

Session ID: tQ5eEgg-VcvkmuCe5iivyd9irkJIJ05j
Session Data: {
  "cookie": {
    "originalMaxAge": null,
    "expires": null,
    "secure": false,
    "httpOnly": true,
    "path": "/"
  }
}

Session ID: 83IiSQYhakYs2FBps2q_J3v2fb-kSrTr
Session Data: {
  "cookie": {
    "originalMaxAge": null,
    "expires": null,
    "secure": false,
    "httpOnly": true,
    "path": "/"
  }
}

Session ID: bAHy_Pj2JTUAC_ggliwAa1-5ncwrtLh4
Session Data: {
  "cookie": {
    "originalMaxAge": null,
    "expires": null,
    "secure": false,
    "httpOnly": true,
    "path": "/"
  }
}

Session ID: 2buZRVltimw5M1ZfGBLg2ZW8XSEuFPLj
Session Data: {
  "cookie": {
    "originalMaxAge": null,
    "expires": null,
    "secure": false,
    "httpOnly": true,
    "path": "/"
  }
}

Session ID: OpHN-d5nTRqFXSvpxdRYqIWoBnsRyZFk
Session Data: {
  "cookie": {
    "originalMaxAge": null,
    "expires": null,
    "secure": false,
    "httpOnly": true,
    "path": "/"
  }
}

Session ID: Q4gpyXReMFuiAu0q3v8YVODjRXXV1Pqn
Session Data: {
  "cookie": {
    "originalMaxAge": null,
    "expires": null,
    "secure": false,
    "httpOnly": true,
    "path": "/"
  }
}

Session ID: -eu4uSqadIX0clMKbZMwHytCCPzdyM74
Session Data: {
  "cookie": {
    "originalMaxAge": null,
    "expires": null,
    "secure": false,
    "httpOnly": true,
    "path": "/"
  }
}

Session ID: V3KOLV7554QPQCcWexPba_oATCXZR3mv
Session Data: {
  "cookie": {
    "originalMaxAge": null,
    "expires": null,
    "secure": false,
    "httpOnly": true,
    "path": "/"
  }
}

Session ID: T8H0V3DjYd9g2LCHmVxz03xzfW5nT_5d
Session Data: {
  "cookie": {
    "originalMaxAge": null,
    "expires": null,
    "secure": false,
    "httpOnly": true,
    "path": "/"
  }
}

Session ID: XB3rCzab-ZC5kD3ensvqIJkArS6tYGLQ
Session Data: {
  "cookie": {
    "originalMaxAge": null,
    "expires": null,
    "secure": false,
    "httpOnly": true,
    "path": "/"
  }
}

Session ID: L8ZO6JAf485NLfJcErYwPOzEFgtGkh7z
Session Data: {
  "cookie": {
    "originalMaxAge": null,
    "expires": null,
    "secure": false,
    "httpOnly": true,
    "path": "/"
  }
}

Session ID: vB5RcT72zp6_2Zd8tE-h9jOQ_y0AlZ1n
Session Data: {
  "cookie": {
    "originalMaxAge": null,
    "expires": null,
    "secure": false,
    "httpOnly": true,
    "path": "/"
  }
}

Session ID: AW_FRbEUJ2lAuMzdxM2KSjLzp1sGFLBq
Session Data: {
  "cookie": {
    "originalMaxAge": null,
    "expires": null,
    "secure": false,
    "httpOnly": true,
    "path": "/"
  }
}

Session ID: V87BXaoa7N1-ARv-UZiIeklQ-9QdWRcT
Session Data: {
  "cookie": {
    "originalMaxAge": null,
    "expires": null,
    "secure": false,
    "httpOnly": true,
    "path": "/"
  }
}

Session ID: W4adDIPwWAaxxpyQ3KjK5xmdEaS3oP7X
Session Data: {
  "cookie": {
    "originalMaxAge": null,
    "expires": null,
    "secure": false,
    "httpOnly": true,
    "path": "/"
  }
}

Session ID: W4adDIPwWAaxxpyQ3KjK5xmdEaS3oP7X
Session Data: {
  "cookie": {
    "originalMaxAge": null,
    "expires": null,
    "secure": false,
    "httpOnly": true,
    "path": "/"
  }
}

Session ID: fZL3LT1U8afh1jpCVnZgddrM2wwjWf1W
Session Data: {
  "cookie": {
    "originalMaxAge": null,
    "expires": null,
    "secure": false,
    "httpOnly": true,
    "path": "/"
  }
}

Session ID: fZL3LT1U8afh1jpCVnZgddrM2wwjWf1W
Session Data: {
  "cookie": {
    "originalMaxAge": null,
    "expires": null,
    "secure": false,
    "httpOnly": true,
    "path": "/"
  }
}

Session ID: fZL3LT1U8afh1jpCVnZgddrM2wwjWf1W
Session Data: {
  "cookie": {
    "originalMaxAge": null,
    "expires": null,
    "secure": false,
    "httpOnly": true,
    "path": "/"
  }
}

Session ID: fZL3LT1U8afh1jpCVnZgddrM2wwjWf1W
Session Data: {
  "cookie": {
    "originalMaxAge": null,
    "expires": null,
    "secure": false,
    "httpOnly": true,
    "path": "/"
  }
}

Session ID: fZL3LT1U8afh1jpCVnZgddrM2wwjWf1W
Session Data: {
  "cookie": {
    "originalMaxAge": null,
    "expires": null,
    "secure": false,
    "httpOnly": true,
    "path": "/"
  }
}

Session ID: fZL3LT1U8afh1jpCVnZgddrM2wwjWf1W
Session Data: {
  "cookie": {
    "originalMaxAge": null,
    "expires": null,
    "secure": false,
    "httpOnly": true,
    "path": "/"
  }
}

Session ID: fZL3LT1U8afh1jpCVnZgddrM2wwjWf1W
Session Data: {
  "cookie": {
    "originalMaxAge": null,
    "expires": null,
    "secure": false,
    "httpOnly": true,
    "path": "/"
  }
}

Session ID: fZL3LT1U8afh1jpCVnZgddrM2wwjWf1W
Session Data: {
  "cookie": {
    "originalMaxAge": null,
    "expires": null,
    "secure": false,
    "httpOnly": true,
    "path": "/"
  }
}

Session ID: fZL3LT1U8afh1jpCVnZgddrM2wwjWf1W
Session Data: {
  "cookie": {
    "originalMaxAge": null,
    "expires": null,
    "secure": false,
    "httpOnly": true,
    "path": "/"
  }
}

Session ID: fZL3LT1U8afh1jpCVnZgddrM2wwjWf1W
Session Data: {
  "cookie": {
    "originalMaxAge": null,
    "expires": null,
    "secure": false,
    "httpOnly": true,
    "path": "/"
  }
}

Session ID: fZL3LT1U8afh1jpCVnZgddrM2wwjWf1W
Session Data: {
  "cookie": {
    "originalMaxAge": null,
    "expires": null,
    "secure": false,
    "httpOnly": true,
    "path": "/"
  }
}

Session ID: fZL3LT1U8afh1jpCVnZgddrM2wwjWf1W
Session Data: {
  "cookie": {
    "originalMaxAge": null,
    "expires": null,
    "secure": false,
    "httpOnly": true,
    "path": "/"
  }
}

Session ID: fZL3LT1U8afh1jpCVnZgddrM2wwjWf1W
Session Data: {
  "cookie": {
    "originalMaxAge": null,
    "expires": null,
    "secure": false,
    "httpOnly": true,
    "path": "/"
  }
}

Session ID: fZL3LT1U8afh1jpCVnZgddrM2wwjWf1W
Session Data: {
  "cookie": {
    "originalMaxAge": null,
    "expires": null,
    "secure": false,
    "httpOnly": true,
    "path": "/"
  }
}

Session ID: TZfac8QSe6pqR9rrW74QnaDg2fBfvvhH
Session Data: {
  "cookie": {
    "originalMaxAge": null,
    "expires": null,
    "secure": false,
    "httpOnly": true,
    "path": "/"
  }
}

Session ID: TZfac8QSe6pqR9rrW74QnaDg2fBfvvhH
Session Data: {
  "cookie": {
    "originalMaxAge": null,
    "expires": null,
    "secure": false,
    "httpOnly": true,
    "path": "/"
  }
}

Session ID: qDtKZvarqehvFORPMlwmtNEcEk3w1TqK
Session Data: {
  "cookie": {
    "originalMaxAge": null,
    "expires": null,
    "secure": false,
    "httpOnly": true,
    "path": "/"
  }
}

Session ID: DohTEtIN1n2HIGAe1P90SqqjG2eDkxL5
Session Data: {
  "cookie": {
    "originalMaxAge": null,
    "expires": null,
    "secure": false,
    "httpOnly": true,
    "path": "/"
  }
}

Session ID: JHheuLj5533cPKDSKRCP2L1WboOMrg30
Session Data: {
  "cookie": {
    "originalMaxAge": null,
    "expires": null,
    "secure": false,
    "httpOnly": true,
    "path": "/"
  }
}

Session ID: _FzsTjVcr52L1AxgwuL9SPBhp8rDlRXl
Session Data: {
  "cookie": {
    "originalMaxAge": null,
    "expires": null,
    "secure": false,
    "httpOnly": true,
    "path": "/"
  }
}

Session ID: o_g3lEAdAUdZYz2E9QdrBZW6qVbeJ03j
Session Data: {
  "cookie": {
    "originalMaxAge": null,
    "expires": null,
    "secure": false,
    "httpOnly": true,
    "path": "/"
  }
}

Session ID: ZzPDCPYlFR90Bwls2bKbGmTF3oWx-m4Z
Session Data: {
  "cookie": {
    "originalMaxAge": null,
    "expires": null,
    "secure": false,
    "httpOnly": true,
    "path": "/"
  }
}

Session ID: bxItv7VM4AoVbtgh6oCWENtGwT9QBur_
Session Data: {
  "cookie": {
    "originalMaxAge": null,
    "expires": null,
    "secure": false,
    "httpOnly": true,
    "path": "/"
  }
}

Session ID: adMqkOhZOuGf7Z3B2-i7jXA-qMXF2Q6y
Session Data: {
  "cookie": {
    "originalMaxAge": null,
    "expires": null,
    "secure": false,
    "httpOnly": true,
    "path": "/"
  }
}

Session ID: JwD0c4UyhnszLuLcxWURqI3wI5-murvo
Session Data: {
  "cookie": {
    "originalMaxAge": null,
    "expires": null,
    "secure": false,
    "httpOnly": true,
    "path": "/"
  }
}

Session ID: SJFYZoSv_bKbXNClj1E-PGACyzlW-ogt
Session Data: {
  "cookie": {
    "originalMaxAge": null,
    "expires": null,
    "secure": false,
    "httpOnly": true,
    "path": "/"
  }
}

Session ID: LtvwXQIbBZUXo2MK_XYFkYnC95NYDLDN
Session Data: {
  "cookie": {
    "originalMaxAge": null,
    "expires": null,
    "secure": false,
    "httpOnly": true,
    "path": "/"
  }
}

Session ID: yW-RImXmQLXekwE3bGaE64NLCxq-YW6w
Session Data: {
  "cookie": {
    "originalMaxAge": null,
    "expires": null,
    "secure": false,
    "httpOnly": true,
    "path": "/"
  }
}

Session ID: bL2FVamIyYtI9A-1iyW_B0CwAOLyPiRk
Session Data: {
  "cookie": {
    "originalMaxAge": null,
    "expires": null,
    "secure": false,
    "httpOnly": true,
    "path": "/"
  }
}

Session ID: RbsjOUUz8cjDhyGW1Lk4m2uZAmyE0BZl
Session Data: {
  "cookie": {
    "originalMaxAge": null,
    "expires": null,
    "secure": false,
    "httpOnly": true,
    "path": "/"
  }
}

Session ID: UBUABgDQOT0VNwOWmNzHaYbZR-pWJbAt
Session Data: {
  "cookie": {
    "originalMaxAge": null,
    "expires": null,
    "secure": false,
    "httpOnly": true,
    "path": "/"
  }
}

Session ID: Uc_ZyZevnW7GvXer3Lh0uKNDYzWRMFpt
Session Data: {
  "cookie": {
    "originalMaxAge": null,
    "expires": null,
    "secure": false,
    "httpOnly": true,
    "path": "/"
  }
}

Session ID: jfeeE5ZySW8kBppAFPpiarcjcR2-Nx3b
Session Data: {
  "cookie": {
    "originalMaxAge": null,
    "expires": null,
    "secure": false,
    "httpOnly": true,
    "path": "/"
  }
}

Session ID: hiIIR53YjJndiJ0lNMxP_F04G0isc0qd
Session Data: {
  "cookie": {
    "originalMaxAge": null,
    "expires": null,
    "secure": false,
    "httpOnly": true,
    "path": "/"
  }
}

Session ID: XN2lQZPUiS2dEC68-VDcFLhqOcwtV-i3
Session Data: {
  "cookie": {
    "originalMaxAge": null,
    "expires": null,
    "secure": false,
    "httpOnly": true,
    "path": "/"
  }
}

Session ID: d4nOpnLcpap_BdntZvaXbDTuo2go6dOr
Session Data: {
  "cookie": {
    "originalMaxAge": null,
    "expires": null,
    "secure": false,
    "httpOnly": true,
    "path": "/"
  }
}

Session ID: TZfac8QSe6pqR9rrW74QnaDg2fBfvvhH
Session Data: {
  "cookie": {
    "originalMaxAge": null,
    "expires": null,
    "secure": false,
    "httpOnly": true,
    "path": "/"
  }
}

Session ID: TZfac8QSe6pqR9rrW74QnaDg2fBfvvhH
Session Data: {
  "cookie": {
    "originalMaxAge": null,
    "expires": null,
    "secure": false,
    "httpOnly": true,
    "path": "/"
  }
}

Session ID: l9rudIx6ovYZMJVGp9iBaWhXZblAbAoD
Session Data: {
  "cookie": {
    "originalMaxAge": null,
    "expires": null,
    "secure": false,
    "httpOnly": true,
    "path": "/"
  }
}

Session ID: l9rudIx6ovYZMJVGp9iBaWhXZblAbAoD
Session Data: {
  "cookie": {
    "originalMaxAge": null,
    "expires": null,
    "secure": false,
    "httpOnly": true,
    "path": "/"
  }
}

Session ID: JmjfVo_ErQZlkDK8yDMqzxD8CnkS7VLJ
Session Data: {
  "cookie": {
    "originalMaxAge": null,
    "expires": null,
    "secure": false,
    "httpOnly": true,
    "path": "/"
  }
}

Session ID: kyujz4xFXdzI8zaQn1tcXkOEII5OpACU
Session Data: {
  "cookie": {
    "originalMaxAge": null,
    "expires": null,
    "secure": false,
    "httpOnly": true,
    "path": "/"
  }
}

Session ID: rjDC218qTQ-Xz10f2yPbFoZRwZvzRfAZ
Session Data: {
  "cookie": {
    "originalMaxAge": null,
    "expires": null,
    "secure": false,
    "httpOnly": true,
    "path": "/"
  }
}

Session ID: skJ40dxZthN_4EWXEiki1i3p4Bab3BAM
Session Data: {
  "cookie": {
    "originalMaxAge": null,
    "expires": null,
    "secure": false,
    "httpOnly": true,
    "path": "/"
  }
}

Session ID: LoZ0vQsBdWFi0PuOaX3qenBjPapAO7YG
Session Data: {
  "cookie": {
    "originalMaxAge": null,
    "expires": null,
    "secure": false,
    "httpOnly": true,
    "path": "/"
  }
}

Session ID: mizQDxKPGzW2iNndEDUmTrT-qeSzGgH9
Session Data: {
  "cookie": {
    "originalMaxAge": null,
    "expires": null,
    "secure": false,
    "httpOnly": true,
    "path": "/"
  }
}

Session ID: zb8hbM8GdzL-gGlJgb6ZZ9gg5GE_T6BK
Session Data: {
  "cookie": {
    "originalMaxAge": null,
    "expires": null,
    "secure": false,
    "httpOnly": true,
    "path": "/"
  }
}

Session ID: 0MXrhEYeamWE5c9JpgksKaHX6VBL1PHk
Session Data: {
  "cookie": {
    "originalMaxAge": null,
    "expires": null,
    "secure": false,
    "httpOnly": true,
    "path": "/"
  }
}

Session ID: 4onvrVaJJdz9QtVJIcJrMGXXocPL6-O9
Session Data: {
  "cookie": {
    "originalMaxAge": null,
    "expires": null,
    "secure": false,
    "httpOnly": true,
    "path": "/"
  }
}

Session ID: xnfJzi_JRXbR6xdV9AupIfVCMZ12ZlGs
Session Data: {
  "cookie": {
    "originalMaxAge": null,
    "expires": null,
    "secure": false,
    "httpOnly": true,
    "path": "/"
  }
}

Session ID: JAs0kZPQiaVm7BCxw9Ey5F-0aDttJFZc
Session Data: {
  "cookie": {
    "originalMaxAge": null,
    "expires": null,
    "secure": false,
    "httpOnly": true,
    "path": "/"
  }
}

Session ID: Jt_M3FUJ7vdZNtYRipYWIq30ReyvHFO0
Session Data: {
  "cookie": {
    "originalMaxAge": null,
    "expires": null,
    "secure": false,
    "httpOnly": true,
    "path": "/"
  }
}

Session ID: nIp7Qy6y_ElvxQqRG7u8cEDx26HZ_V2L
Session Data: {
  "cookie": {
    "originalMaxAge": null,
    "expires": null,
    "secure": false,
    "httpOnly": true,
    "path": "/"
  }
}

Session ID: py57ZtpVOsj-D3blMeS1E3s8CpIxJvWU
Session Data: {
  "cookie": {
    "originalMaxAge": null,
    "expires": null,
    "secure": false,
    "httpOnly": true,
    "path": "/"
  }
}

Session ID: 5GU1U4cS-b2RnStMeiQdJ9tcSRfWqaq7
Session Data: {
  "cookie": {
    "originalMaxAge": null,
    "expires": null,
    "secure": false,
    "httpOnly": true,
    "path": "/"
  }
}

Session ID: SW0dEljdHdLJ-qFJCk7U-hRaNWfsEb-T
Session Data: {
  "cookie": {
    "originalMaxAge": null,
    "expires": null,
    "secure": false,
    "httpOnly": true,
    "path": "/"
  }
}

Session ID: nOr950PeyjiPHXoY5_P00MTA3-7rbitY
Session Data: {
  "cookie": {
    "originalMaxAge": null,
    "expires": null,
    "secure": false,
    "httpOnly": true,
    "path": "/"
  }
}

Session ID: -bDibWyY6AHD0pk-8zbbufKIeGY8uBAb
Session Data: {
  "cookie": {
    "originalMaxAge": null,
    "expires": null,
    "secure": false,
    "httpOnly": true,
    "path": "/"
  }
}

Session ID: CO0kuAXK9zOiSoQ735xHtDTuO0gycAHj
Session Data: {
  "cookie": {
    "originalMaxAge": null,
    "expires": null,
    "secure": false,
    "httpOnly": true,
    "path": "/"
  }
}

Session ID: i5TQWpzXnmjEY4OC3EIOTebIFYKQo73P
Session Data: {
  "cookie": {
    "originalMaxAge": null,
    "expires": null,
    "secure": false,
    "httpOnly": true,
    "path": "/"
  }
}

Session ID: 71zcrFfQbLQ_3ior09inB_Xah2hx0lZ8
Session Data: {
  "cookie": {
    "originalMaxAge": null,
    "expires": null,
    "secure": false,
    "httpOnly": true,
    "path": "/"
  }
}

Session ID: 1WVC4A713v0BBrMt4wu3VlSmWvr19ueO
Session Data: {
  "cookie": {
    "originalMaxAge": null,
    "expires": null,
    "secure": false,
    "httpOnly": true,
    "path": "/"
  }
}

Session ID: Ech1yoNc7SFEdGA9Gm4qsBa-GKh0wwZB
Session Data: {
  "cookie": {
    "originalMaxAge": null,
    "expires": null,
    "secure": false,
    "httpOnly": true,
    "path": "/"
  }
}

Session ID: M6Ylts0RG6TZsldxzcC4Biw_RUqOUDBt
Session Data: {
  "cookie": {
    "originalMaxAge": null,
    "expires": null,
    "secure": false,
    "httpOnly": true,
    "path": "/"
  }
}

Session ID: kP_dl8xJouUedqNFs_YgKaTvDMpU5ThD
Session Data: {
  "cookie": {
    "originalMaxAge": null,
    "expires": null,
    "secure": false,
    "httpOnly": true,
    "path": "/"
  }
}

Session ID: h_SuNW1yy-CG7c9_NlWVQafT3bwXe9A6
Session Data: {
  "cookie": {
    "originalMaxAge": null,
    "expires": null,
    "secure": false,
    "httpOnly": true,
    "path": "/"
  }
}

Session ID: 27W_v3oz4tJIhbf48LMrjFPyb_V6sA_q
Session Data: {
  "cookie": {
    "originalMaxAge": null,
    "expires": null,
    "secure": false,
    "httpOnly": true,
    "path": "/"
  }
}

Session ID: o9vJP-HPb3dmaVzTXoR49gtiDN-PGdSx
Session Data: {
  "cookie": {
    "originalMaxAge": null,
    "expires": null,
    "secure": false,
    "httpOnly": true,
    "path": "/"
  }
}

Session ID: aA40VrcrXk-84HmXN76IBmdmJz8KrRrB
Session Data: {
  "cookie": {
    "originalMaxAge": null,
    "expires": null,
    "secure": false,
    "httpOnly": true,
    "path": "/"
  }
}

Session ID: burNKNnq1RSMkzYBDjAuBB6uICdY2J-n
Session Data: {
  "cookie": {
    "originalMaxAge": null,
    "expires": null,
    "secure": false,
    "httpOnly": true,
    "path": "/"
  }
}

Session ID: vqvt_uKNwBYxxYEPwSl_FPeh8pkqv_ss
Session Data: {
  "cookie": {
    "originalMaxAge": null,
    "expires": null,
    "secure": false,
    "httpOnly": true,
    "path": "/"
  }
}

Session ID: 8wckjTNXiJtGV0oL1lMWlfmhU1JvXd9h
Session Data: {
  "cookie": {
    "originalMaxAge": null,
    "expires": null,
    "secure": false,
    "httpOnly": true,
    "path": "/"
  }
}

Session ID: jVG3GAE30YSw6FJrAeKeTj5ZwBPXVUTD
Session Data: {
  "cookie": {
    "originalMaxAge": null,
    "expires": null,
    "secure": false,
    "httpOnly": true,
    "path": "/"
  }
}

Session ID: 6t2zFHqjdBD3EwVyYaCAhPrj222PsKxj
Session Data: {
  "cookie": {
    "originalMaxAge": null,
    "expires": null,
    "secure": false,
    "httpOnly": true,
    "path": "/"
  }
}

Session ID: Yslek-mKKkxT19YSj9Vk3cGZoZ5QwMv6
Session Data: {
  "cookie": {
    "originalMaxAge": null,
    "expires": null,
    "secure": false,
    "httpOnly": true,
    "path": "/"
  }
}

Session ID: BGS2a6GoS0n0KaiYg8fOEYEQ01reFAYy
Session Data: {
  "cookie": {
    "originalMaxAge": null,
    "expires": null,
    "secure": false,
    "httpOnly": true,
    "path": "/"
  }
}

Session ID: j0xJlYHWh654rH6frg6BLh2gFVfiMpj7
Session Data: {
  "cookie": {
    "originalMaxAge": null,
    "expires": null,
    "secure": false,
    "httpOnly": true,
    "path": "/"
  }
}

Session ID: 1KgscO5Ze0YIUfwLMBgbflZCNoqxhCMY
Session Data: {
  "cookie": {
    "originalMaxAge": null,
    "expires": null,
    "secure": false,
    "httpOnly": true,
    "path": "/"
  }
}

Session ID: JsIzGCm4T8lGQ1-dc5q-qyEjoNrLMOWB
Session Data: {
  "cookie": {
    "originalMaxAge": null,
    "expires": null,
    "secure": false,
    "httpOnly": true,
    "path": "/"
  }
}

Session ID: W2DBCs0m0NJ3BhidjL50J3fTzS0HqkBh
Session Data: {
  "cookie": {
    "originalMaxAge": null,
    "expires": null,
    "secure": false,
    "httpOnly": true,
    "path": "/"
  }
}

Session ID: pzstYwaX_eyDqEBL-59uxOOajoHRdLC_
Session Data: {
  "cookie": {
    "originalMaxAge": null,
    "expires": null,
    "secure": false,
    "httpOnly": true,
    "path": "/"
  }
}

Session ID: NQWA8WizBw4_QXxA2p2f6XKKCBdkc4Rq
Session Data: {
  "cookie": {
    "originalMaxAge": null,
    "expires": null,
    "secure": false,
    "httpOnly": true,
    "path": "/"
  }
}

Session ID: BjDxaiLb32IUeI4_GPWkulaSBR1_iVFm
Session Data: {
  "cookie": {
    "originalMaxAge": null,
    "expires": null,
    "secure": false,
    "httpOnly": true,
    "path": "/"
  }
}

Session ID: hWtftMSMxKNfv9wynWMJ3K59t62xy6Gm
Session Data: {
  "cookie": {
    "originalMaxAge": null,
    "expires": null,
    "secure": false,
    "httpOnly": true,
    "path": "/"
  }
}

Session ID: HP2sQ6hFxacCb3tO4zjRcqRaq_nLiOGh
Session Data: {
  "cookie": {
    "originalMaxAge": null,
    "expires": null,
    "secure": false,
    "httpOnly": true,
    "path": "/"
  }
}

Session ID: 6IapAZdfanQPbGGIIidduyrJWD6J0wHP
Session Data: {
  "cookie": {
    "originalMaxAge": null,
    "expires": null,
    "secure": false,
    "httpOnly": true,
    "path": "/"
  }
}

Session ID: zLL0Po7NJHWJhZu0iwjPpAEoquSaxhXd
Session Data: {
  "cookie": {
    "originalMaxAge": null,
    "expires": null,
    "secure": false,
    "httpOnly": true,
    "path": "/"
  }
}

Session ID: 3GKuHed-8SWshDmALMV8kxGu3M5bEcB9
Session Data: {
  "cookie": {
    "originalMaxAge": null,
    "expires": null,
    "secure": false,
    "httpOnly": true,
    "path": "/"
  }
}

Session ID: MFBbsnn2jziLmuqZbvGvum-uXVZnDKbK
Session Data: {
  "cookie": {
    "originalMaxAge": null,
    "expires": null,
    "secure": false,
    "httpOnly": true,
    "path": "/"
  }
}

Session ID: Vi1o36zgxtON_UsqITwrWySBIN32x4Nn
Session Data: {
  "cookie": {
    "originalMaxAge": null,
    "expires": null,
    "secure": false,
    "httpOnly": true,
    "path": "/"
  }
}

Session ID: EKc7oiEwcyLtuMEwKDezANGf-xhgIfLd
Session Data: {
  "cookie": {
    "originalMaxAge": null,
    "expires": null,
    "secure": false,
    "httpOnly": true,
    "path": "/"
  }
}

Session ID: uWH03rfgc_Q3o3drWq9zWpPP3xidoPD5
Session Data: {
  "cookie": {
    "originalMaxAge": null,
    "expires": null,
    "secure": false,
    "httpOnly": true,
    "path": "/"
  }
}

Session ID: cfDw-8H_tQmfOv_yA_MkN2x3hVe4yBHu
Session Data: {
  "cookie": {
    "originalMaxAge": null,
    "expires": null,
    "secure": false,
    "httpOnly": true,
    "path": "/"
  }
}

Session ID: TFOvIiu3pDWg7IsI0zH3nwjPHoQUCVL0
Session Data: {
  "cookie": {
    "originalMaxAge": null,
    "expires": null,
    "secure": false,
    "httpOnly": true,
    "path": "/"
  }
}

Session ID: pl1O44u5S_UuFvHBWxJ6PLc8GgbkMkDd
Session Data: {
  "cookie": {
    "originalMaxAge": null,
    "expires": null,
    "secure": false,
    "httpOnly": true,
    "path": "/"
  }
}

Session ID: vf6WFMTYRKPcm-xI8_kiKR322smeoM4p
Session Data: {
  "cookie": {
    "originalMaxAge": null,
    "expires": null,
    "secure": false,
    "httpOnly": true,
    "path": "/"
  }
}

Session ID: KcgsZ-U4vbiXDq1UAKLbvOnmGzmtsAhu
Session Data: {
  "cookie": {
    "originalMaxAge": null,
    "expires": null,
    "secure": false,
    "httpOnly": true,
    "path": "/"
  }
}

Session ID: _3AZwc_QwZMDETvXP9GLott0KGkI7Flc
Session Data: {
  "cookie": {
    "originalMaxAge": null,
    "expires": null,
    "secure": false,
    "httpOnly": true,
    "path": "/"
  }
}

Session ID: oj6Hmj7F7KKKZuGA0K7Oka2pxiFt-8gE
Session Data: {
  "cookie": {
    "originalMaxAge": null,
    "expires": null,
    "secure": false,
    "httpOnly": true,
    "path": "/"
  }
}

Session ID: eD0toERaGBXnFjk9zicEM_Ff8ptXTu45
Session Data: {
  "cookie": {
    "originalMaxAge": null,
    "expires": null,
    "secure": false,
    "httpOnly": true,
    "path": "/"
  }
}

Session ID: kZ2Ub5WQWHLF0_fDKE2J7WT3ZSbayq5D
Session Data: {
  "cookie": {
    "originalMaxAge": null,
    "expires": null,
    "secure": false,
    "httpOnly": true,
    "path": "/"
  }
}

Session ID: 8Nmf5WY8-I_GiuC3iPIL6TrG8W4EkHAk
Session Data: {
  "cookie": {
    "originalMaxAge": null,
    "expires": null,
    "secure": false,
    "httpOnly": true,
    "path": "/"
  }
}

Session ID: fhg_8mHOE-6QmtlQGgKjFfhbIzVOTMY8
Session Data: {
  "cookie": {
    "originalMaxAge": null,
    "expires": null,
    "secure": false,
    "httpOnly": true,
    "path": "/"
  }
}

Session ID: ZD7wehYplfg-g2J6iQQsKGgFksDQeKKf
Session Data: {
  "cookie": {
    "originalMaxAge": null,
    "expires": null,
    "secure": false,
    "httpOnly": true,
    "path": "/"
  }
}

Session ID: ij1lScLC-pSXX5jsp6q7DWRxM1-b1WJa
Session Data: {
  "cookie": {
    "originalMaxAge": null,
    "expires": null,
    "secure": false,
    "httpOnly": true,
    "path": "/"
  }
}

Session ID: RUML10k1lXyqr6azdA1vGH5U-ZXF8oom
Session Data: {
  "cookie": {
    "originalMaxAge": null,
    "expires": null,
    "secure": false,
    "httpOnly": true,
    "path": "/"
  }
}

Session ID: HRiAACMF-pBpKI3qetqt9GWgnT3MdM1g
Session Data: {
  "cookie": {
    "originalMaxAge": null,
    "expires": null,
    "secure": false,
    "httpOnly": true,
    "path": "/"
  }
}

Session ID: YMEWt3OrvK4NdBcKH1vgR0Ehfzo_u118
Session Data: {
  "cookie": {
    "originalMaxAge": null,
    "expires": null,
    "secure": false,
    "httpOnly": true,
    "path": "/"
  }
}

Session ID: i5_76D4scR2gkFFlJ97Je5hb8ltJKsbg
Session Data: {
  "cookie": {
    "originalMaxAge": null,
    "expires": null,
    "secure": false,
    "httpOnly": true,
    "path": "/"
  }
}

Session ID: HIhvFcGzzNwHmtntS6icndm9AEo8Huth
Session Data: {
  "cookie": {
    "originalMaxAge": null,
    "expires": null,
    "secure": false,
    "httpOnly": true,
    "path": "/"
  }
}

Session ID: zjW5MUAY9PiPoraMAIwje7QPSyHLKup1
Session Data: {
  "cookie": {
    "originalMaxAge": null,
    "expires": null,
    "secure": false,
    "httpOnly": true,
    "path": "/"
  }
}

Session ID: sieQhVX0CoYUqqyd1Ij18u6yfIx0wKEn
Session Data: {
  "cookie": {
    "originalMaxAge": null,
    "expires": null,
    "secure": false,
    "httpOnly": true,
    "path": "/"
  }
}

Session ID: yDAEIN8D5hx7_Z7_gddN7phVHxsR_nxw
Session Data: {
  "cookie": {
    "originalMaxAge": null,
    "expires": null,
    "secure": false,
    "httpOnly": true,
    "path": "/"
  }
}

Session ID: LlJ2wHleRySLH8k06klOPAmCV3i7ml4X
Session Data: {
  "cookie": {
    "originalMaxAge": null,
    "expires": null,
    "secure": false,
    "httpOnly": true,
    "path": "/"
  }
}

Session ID: ql3TbDcHW853VVBZ4Tc1RLJR8FnKL4rB
Session Data: {
  "cookie": {
    "originalMaxAge": null,
    "expires": null,
    "secure": false,
    "httpOnly": true,
    "path": "/"
  }
}

Session ID: Jj-RC3Itgn9ardhSZhaEtaoGUL_y9cNi
Session Data: {
  "cookie": {
    "originalMaxAge": null,
    "expires": null,
    "secure": false,
    "httpOnly": true,
    "path": "/"
  }
}

Session ID: sVywlHKDw3GDQjIPHNtx_4QLWleNbWDD
Session Data: {
  "cookie": {
    "originalMaxAge": null,
    "expires": null,
    "secure": false,
    "httpOnly": true,
    "path": "/"
  }
}

Session ID: qw7nIty4nukfUwCYaueHgwrxWADehNH9
Session Data: {
  "cookie": {
    "originalMaxAge": null,
    "expires": null,
    "secure": false,
    "httpOnly": true,
    "path": "/"
  }
}

Session ID: 76yELR94JA1Qmdgm6e_ogUIUAETEdWi7
Session Data: {
  "cookie": {
    "originalMaxAge": null,
    "expires": null,
    "secure": false,
    "httpOnly": true,
    "path": "/"
  }
}

Session ID: u7CREHzMfrL-TD2lYvAX5qhxTVsxvSx0
Session Data: {
  "cookie": {
    "originalMaxAge": null,
    "expires": null,
    "secure": false,
    "httpOnly": true,
    "path": "/"
  }
}

Session ID: JasmyS-HRJHduIiE2AiUt7LSyZm4x475
Session Data: {
  "cookie": {
    "originalMaxAge": null,
    "expires": null,
    "secure": false,
    "httpOnly": true,
    "path": "/"
  }
}

Session ID: B5PHDpLJpwsNam-4mLuwd2-2ITdlb8oN
Session Data: {
  "cookie": {
    "originalMaxAge": null,
    "expires": null,
    "secure": false,
    "httpOnly": true,
    "path": "/"
  }
}

Session ID: ePMQR7IqoQt6nr9UiWZDwBoc-Qx9pyRv
Session Data: {
  "cookie": {
    "originalMaxAge": null,
    "expires": null,
    "secure": false,
    "httpOnly": true,
    "path": "/"
  }
}

Session ID: IMqlj6ImuRqpfZDhwgkpjXY6Zpjz4gO5
Session Data: {
  "cookie": {
    "originalMaxAge": null,
    "expires": null,
    "secure": false,
    "httpOnly": true,
    "path": "/"
  }
}

Session ID: UPnhj9ZOYdaB5tV9_kOIrS7GG4RfTF1N
Session Data: {
  "cookie": {
    "originalMaxAge": null,
    "expires": null,
    "secure": false,
    "httpOnly": true,
    "path": "/"
  }
}

Session ID: gPOWK3YxJHjEE4iHHlMBKjGKWVDYeX9O
Session Data: {
  "cookie": {
    "originalMaxAge": null,
    "expires": null,
    "secure": false,
    "httpOnly": true,
    "path": "/"
  }
}

Session ID: caUA02P2nEtcGKQfIQ6riSEoMAKoCeUy
Session Data: {
  "cookie": {
    "originalMaxAge": null,
    "expires": null,
    "secure": false,
    "httpOnly": true,
    "path": "/"
  }
}

Session ID: j-goKLJN7NXrY31tDMBoEDhPxsGjKpmB
Session Data: {
  "cookie": {
    "originalMaxAge": null,
    "expires": null,
    "secure": false,
    "httpOnly": true,
    "path": "/"
  }
}

Session ID: pIKi6rNXGRZ3qKcu1W63cUs1ImC9IqFs
Session Data: {
  "cookie": {
    "originalMaxAge": null,
    "expires": null,
    "secure": false,
    "httpOnly": true,
    "path": "/"
  }
}

Session ID: nHlF9SiH-J14jmCc7sul0N8AIoOaCd7b
Session Data: {
  "cookie": {
    "originalMaxAge": null,
    "expires": null,
    "secure": false,
    "httpOnly": true,
    "path": "/"
  }
}

Session ID: hFYd_qM_6lWJiJwNCIytwZ5Qgk9shQRJ
Session Data: {
  "cookie": {
    "originalMaxAge": null,
    "expires": null,
    "secure": false,
    "httpOnly": true,
    "path": "/"
  }
}

Session ID: Q65xp7DpWFyGqL-web80QG7YEhFXuP7w
Session Data: {
  "cookie": {
    "originalMaxAge": null,
    "expires": null,
    "secure": false,
    "httpOnly": true,
    "path": "/"
  }
}

Session ID: -X0AfjBYc12pPiS4M3QTus474Dw31I5M
Session Data: {
  "cookie": {
    "originalMaxAge": null,
    "expires": null,
    "secure": false,
    "httpOnly": true,
    "path": "/"
  }
}

Session ID: m4Eot-ccW8NyPHvYAS-QHAgwj7_aohd6
Session Data: {
  "cookie": {
    "originalMaxAge": null,
    "expires": null,
    "secure": false,
    "httpOnly": true,
    "path": "/"
  }
}

Session ID: u_UyiskDvdSO9eGCL-JB-5iLbECznNLQ
Session Data: {
  "cookie": {
    "originalMaxAge": null,
    "expires": null,
    "secure": false,
    "httpOnly": true,
    "path": "/"
  }
}

Session ID: 52xOXUBMnsndqYADPZBvb9d6QLtSjKPL
Session Data: {
  "cookie": {
    "originalMaxAge": null,
    "expires": null,
    "secure": false,
    "httpOnly": true,
    "path": "/"
  }
}

Session ID: Ly4qhFT_fWpObaDyJaoYuAQE0NH5qVyQ
Session Data: {
  "cookie": {
    "originalMaxAge": null,
    "expires": null,
    "secure": false,
    "httpOnly": true,
    "path": "/"
  }
}

Session ID: qeHrYRgKflqOw2VqRiD9Yn4_KQXEZT3O
Session Data: {
  "cookie": {
    "originalMaxAge": null,
    "expires": null,
    "secure": false,
    "httpOnly": true,
    "path": "/"
  }
}

Session ID: uH25wRrKPos4RdH1bLmu_K_hzOPYqD5I
Session Data: {
  "cookie": {
    "originalMaxAge": null,
    "expires": null,
    "secure": false,
    "httpOnly": true,
    "path": "/"
  }
}

Session ID: frj_Di-7fkbq4_dN9Ki39mcuQO8BIwqB
Session Data: {
  "cookie": {
    "originalMaxAge": null,
    "expires": null,
    "secure": false,
    "httpOnly": true,
    "path": "/"
  }
}

Session ID: _tJd0NqsI9A6Go4Nw6c4SUTAYXUYm9AB
Session Data: {
  "cookie": {
    "originalMaxAge": null,
    "expires": null,
    "secure": false,
    "httpOnly": true,
    "path": "/"
  }
}

Session ID: DfAXUMDa-qyvoIiwETCQjFYLA2bCZA_-
Session Data: {
  "cookie": {
    "originalMaxAge": null,
    "expires": null,
    "secure": false,
    "httpOnly": true,
    "path": "/"
  }
}

